---------------------------------------------------------------
[ 2021-08-21T23:36:05+08:00 ] 127.0.0.1 POST /message/news
[ info ] 127.0.0.1/message/news [运行时间：0.258601s][吞吐率：3.87req/s] [内存消耗：3,966.30kb] [文件加载：81]
[ info ] [ BEHAVIOR ] Run Closure @app_init [ RunTime:0.000040s ]
[ info ] [ CACHE ] INIT File
[ info ] [ BEHAVIOR ] Run \addons\captcha\Captcha @app_init [ RunTime:0.015500s ]
[ info ] [ BEHAVIOR ] Run Closure @app_init [ RunTime:0.015547s ]
[ info ] [ LANG ] D:\xampp\tongji-master\thinkphp\lang\zh-cn.php
[ info ] [ ROUTE ] array (
  'type' => 'module',
  'module' => 
  array (
    0 => 'admin',
    1 => 'message',
    2 => 'news',
  ),
)
[ info ] [ HEADER ] array (
  'host' => '127.0.0.1',
  'connection' => 'keep-alive',
  'content-length' => '0',
  'pragma' => 'no-cache',
  'cache-control' => 'no-cache',
  'sec-ch-ua' => '"Chromium";v="92", " Not A;Brand";v="99", "Google Chrome";v="92"',
  'accept' => '*/*',
  'x-requested-with' => 'XMLHttpRequest',
  'sec-ch-ua-mobile' => '?0',
  'user-agent' => 'Mozilla/5.0 (Windows NT 10.0; Win64; x64) AppleWebKit/537.36 (KHTML, like Gecko) Chrome/92.0.4515.131 Safari/537.36',
  'origin' => 'http://127.0.0.1',
  'sec-fetch-site' => 'same-origin',
  'sec-fetch-mode' => 'cors',
  'sec-fetch-dest' => 'empty',
  'referer' => 'http://127.0.0.1/declared/declaredsyr?ref=addtabs',
  'accept-encoding' => 'gzip, deflate, br',
  'accept-language' => 'en,zh-CN;q=0.9,zh;q=0.8',
  'cookie' => 'PHPSESSID=cuv13pjb2tp1uauaasfqsp15d2',
)
[ info ] [ PARAM ] array (
)
[ info ] [ LANG ] D:\xampp\tongji-master\public/../application/admin\lang\zh-cn.php
[ info ] [ BEHAVIOR ] Run app\common\behavior\Common @module_init [ RunTime:0.004751s ]
[ info ] [ SESSION ] INIT array (
  'id' => '',
  'var_session_id' => '',
  'prefix' => 'think',
  'type' => '',
  'auto_start' => true,
)
[ info ] [ DB ] INIT mysql
[ info ] [ RUN ] app\admin\controller\Message->news[ D:\xampp\tongji-master\application\admin\controller\Message.php ]
[ info ] [ BEHAVIOR ] Run app\admin\behavior\AdminLog @app_end [ RunTime:0.016977s ]
[ info ] [ LOG ] INIT File
[ sql ] [ DB ] CONNECT:[ UseTime:0.025037s ] mysql:host=localhost;dbname=code;charset=utf8
[ sql ] [ SQL ] SHOW COLUMNS FROM `zc_auth_group_access` [ RunTime:0.016457s ]
[ sql ] [ SQL ] SELECT `aga`.`uid`,`aga`.`group_id`,`ag`.`id`,`ag`.`pid`,`ag`.`name`,`ag`.`rules` FROM `zc_auth_group_access` `aga` LEFT JOIN `zc_auth_group` `ag` ON `aga`.`group_id`=`ag`.`id` WHERE  (  aga.uid='1' and ag.status='normal' ) [ RunTime:0.001458s ]
[ sql ] [ SQL ] SHOW COLUMNS FROM `zc_auth_rule` [ RunTime:0.012657s ]
[ sql ] [ SQL ] SELECT `id`,`pid`,`condition`,`icon`,`name`,`title`,`ismenu` FROM `zc_auth_rule` WHERE  `status` = 'normal' [ RunTime:0.002496s ]
[ sql ] [ SQL ] SELECT content FROM zc_message z where recipient_id=1 and read_flg=0 [ RunTime:0.002716s ]
[ sql ] [ SQL ] SHOW COLUMNS FROM `zc_admin_log` [ RunTime:0.010662s ]
[ sql ] [ SQL ] INSERT INTO `zc_admin_log` (`title` , `content` , `url` , `admin_id` , `username` , `useragent` , `ip` , `createtime`) VALUES ('' , '[]' , '/message/news' , 1 , 'admin' , 'Mozilla/5.0 (Windows NT 10.0; Win64; x64) AppleWebKit/537.36 (KHTML, like Gecko) Chrome/92.0.4515.131 Safari/537.36' , '127.0.0.1' , 1629560165) [ RunTime:0.003609s ]
---------------------------------------------------------------
[ 2021-08-21T23:37:05+08:00 ] 127.0.0.1 POST /message/news
[ info ] 127.0.0.1/message/news [运行时间：0.199779s][吞吐率：5.01req/s] [内存消耗：3,966.28kb] [文件加载：81]
[ info ] [ BEHAVIOR ] Run Closure @app_init [ RunTime:0.000014s ]
[ info ] [ CACHE ] INIT File
[ info ] [ BEHAVIOR ] Run \addons\captcha\Captcha @app_init [ RunTime:0.003437s ]
[ info ] [ BEHAVIOR ] Run Closure @app_init [ RunTime:0.003448s ]
[ info ] [ LANG ] D:\xampp\tongji-master\thinkphp\lang\zh-cn.php
[ info ] [ ROUTE ] array (
  'type' => 'module',
  'module' => 
  array (
    0 => 'admin',
    1 => 'message',
    2 => 'news',
  ),
)
[ info ] [ HEADER ] array (
  'host' => '127.0.0.1',
  'connection' => 'keep-alive',
  'content-length' => '0',
  'pragma' => 'no-cache',
  'cache-control' => 'no-cache',
  'sec-ch-ua' => '"Chromium";v="92", " Not A;Brand";v="99", "Google Chrome";v="92"',
  'accept' => '*/*',
  'x-requested-with' => 'XMLHttpRequest',
  'sec-ch-ua-mobile' => '?0',
  'user-agent' => 'Mozilla/5.0 (Windows NT 10.0; Win64; x64) AppleWebKit/537.36 (KHTML, like Gecko) Chrome/92.0.4515.131 Safari/537.36',
  'origin' => 'http://127.0.0.1',
  'sec-fetch-site' => 'same-origin',
  'sec-fetch-mode' => 'cors',
  'sec-fetch-dest' => 'empty',
  'referer' => 'http://127.0.0.1/declared/declaredsyr?ref=addtabs',
  'accept-encoding' => 'gzip, deflate, br',
  'accept-language' => 'en,zh-CN;q=0.9,zh;q=0.8',
  'cookie' => 'PHPSESSID=cuv13pjb2tp1uauaasfqsp15d2',
)
[ info ] [ PARAM ] array (
)
[ info ] [ LANG ] D:\xampp\tongji-master\public/../application/admin\lang\zh-cn.php
[ info ] [ BEHAVIOR ] Run app\common\behavior\Common @module_init [ RunTime:0.002027s ]
[ info ] [ SESSION ] INIT array (
  'id' => '',
  'var_session_id' => '',
  'prefix' => 'think',
  'type' => '',
  'auto_start' => true,
)
[ info ] [ DB ] INIT mysql
[ info ] [ RUN ] app\admin\controller\Message->news[ D:\xampp\tongji-master\application\admin\controller\Message.php ]
[ info ] [ BEHAVIOR ] Run app\admin\behavior\AdminLog @app_end [ RunTime:0.013642s ]
[ info ] [ LOG ] INIT File
[ sql ] [ DB ] CONNECT:[ UseTime:0.015402s ] mysql:host=localhost;dbname=code;charset=utf8
[ sql ] [ SQL ] SHOW COLUMNS FROM `zc_auth_group_access` [ RunTime:0.066973s ]
[ sql ] [ SQL ] SELECT `aga`.`uid`,`aga`.`group_id`,`ag`.`id`,`ag`.`pid`,`ag`.`name`,`ag`.`rules` FROM `zc_auth_group_access` `aga` LEFT JOIN `zc_auth_group` `ag` ON `aga`.`group_id`=`ag`.`id` WHERE  (  aga.uid='1' and ag.status='normal' ) [ RunTime:0.001123s ]
[ sql ] [ SQL ] SHOW COLUMNS FROM `zc_auth_rule` [ RunTime:0.008633s ]
[ sql ] [ SQL ] SELECT `id`,`pid`,`condition`,`icon`,`name`,`title`,`ismenu` FROM `zc_auth_rule` WHERE  `status` = 'normal' [ RunTime:0.002198s ]
[ sql ] [ SQL ] SELECT content FROM zc_message z where recipient_id=1 and read_flg=0 [ RunTime:0.002306s ]
[ sql ] [ SQL ] SHOW COLUMNS FROM `zc_admin_log` [ RunTime:0.008566s ]
[ sql ] [ SQL ] INSERT INTO `zc_admin_log` (`title` , `content` , `url` , `admin_id` , `username` , `useragent` , `ip` , `createtime`) VALUES ('' , '[]' , '/message/news' , 1 , 'admin' , 'Mozilla/5.0 (Windows NT 10.0; Win64; x64) AppleWebKit/537.36 (KHTML, like Gecko) Chrome/92.0.4515.131 Safari/537.36' , '127.0.0.1' , 1629560225) [ RunTime:0.002611s ]
---------------------------------------------------------------
[ 2021-08-21T23:38:05+08:00 ] 127.0.0.1 POST /message/news
[ info ] 127.0.0.1/message/news [运行时间：0.256134s][吞吐率：3.90req/s] [内存消耗：3,966.28kb] [文件加载：81]
[ info ] [ BEHAVIOR ] Run Closure @app_init [ RunTime:0.000021s ]
[ info ] [ CACHE ] INIT File
[ info ] [ BEHAVIOR ] Run \addons\captcha\Captcha @app_init [ RunTime:0.004397s ]
[ info ] [ BEHAVIOR ] Run Closure @app_init [ RunTime:0.004409s ]
[ info ] [ LANG ] D:\xampp\tongji-master\thinkphp\lang\zh-cn.php
[ info ] [ ROUTE ] array (
  'type' => 'module',
  'module' => 
  array (
    0 => 'admin',
    1 => 'message',
    2 => 'news',
  ),
)
[ info ] [ HEADER ] array (
  'host' => '127.0.0.1',
  'connection' => 'keep-alive',
  'content-length' => '0',
  'pragma' => 'no-cache',
  'cache-control' => 'no-cache',
  'sec-ch-ua' => '"Chromium";v="92", " Not A;Brand";v="99", "Google Chrome";v="92"',
  'accept' => '*/*',
  'x-requested-with' => 'XMLHttpRequest',
  'sec-ch-ua-mobile' => '?0',
  'user-agent' => 'Mozilla/5.0 (Windows NT 10.0; Win64; x64) AppleWebKit/537.36 (KHTML, like Gecko) Chrome/92.0.4515.131 Safari/537.36',
  'origin' => 'http://127.0.0.1',
  'sec-fetch-site' => 'same-origin',
  'sec-fetch-mode' => 'cors',
  'sec-fetch-dest' => 'empty',
  'referer' => 'http://127.0.0.1/declared/declaredsyr?ref=addtabs',
  'accept-encoding' => 'gzip, deflate, br',
  'accept-language' => 'en,zh-CN;q=0.9,zh;q=0.8',
  'cookie' => 'PHPSESSID=cuv13pjb2tp1uauaasfqsp15d2',
)
[ info ] [ PARAM ] array (
)
[ info ] [ LANG ] D:\xampp\tongji-master\public/../application/admin\lang\zh-cn.php
[ info ] [ BEHAVIOR ] Run app\common\behavior\Common @module_init [ RunTime:0.002756s ]
[ info ] [ SESSION ] INIT array (
  'id' => '',
  'var_session_id' => '',
  'prefix' => 'think',
  'type' => '',
  'auto_start' => true,
)
[ info ] [ DB ] INIT mysql
[ info ] [ RUN ] app\admin\controller\Message->news[ D:\xampp\tongji-master\application\admin\controller\Message.php ]
[ info ] [ BEHAVIOR ] Run app\admin\behavior\AdminLog @app_end [ RunTime:0.021997s ]
[ info ] [ LOG ] INIT File
[ sql ] [ DB ] CONNECT:[ UseTime:0.011979s ] mysql:host=localhost;dbname=code;charset=utf8
[ sql ] [ SQL ] SHOW COLUMNS FROM `zc_auth_group_access` [ RunTime:0.076207s ]
[ sql ] [ SQL ] SELECT `aga`.`uid`,`aga`.`group_id`,`ag`.`id`,`ag`.`pid`,`ag`.`name`,`ag`.`rules` FROM `zc_auth_group_access` `aga` LEFT JOIN `zc_auth_group` `ag` ON `aga`.`group_id`=`ag`.`id` WHERE  (  aga.uid='1' and ag.status='normal' ) [ RunTime:0.002855s ]
[ sql ] [ SQL ] SHOW COLUMNS FROM `zc_auth_rule` [ RunTime:0.019723s ]
[ sql ] [ SQL ] SELECT `id`,`pid`,`condition`,`icon`,`name`,`title`,`ismenu` FROM `zc_auth_rule` WHERE  `status` = 'normal' [ RunTime:0.004412s ]
[ sql ] [ SQL ] SELECT content FROM zc_message z where recipient_id=1 and read_flg=0 [ RunTime:0.005570s ]
[ sql ] [ SQL ] SHOW COLUMNS FROM `zc_admin_log` [ RunTime:0.012974s ]
[ sql ] [ SQL ] INSERT INTO `zc_admin_log` (`title` , `content` , `url` , `admin_id` , `username` , `useragent` , `ip` , `createtime`) VALUES ('' , '[]' , '/message/news' , 1 , 'admin' , 'Mozilla/5.0 (Windows NT 10.0; Win64; x64) AppleWebKit/537.36 (KHTML, like Gecko) Chrome/92.0.4515.131 Safari/537.36' , '127.0.0.1' , 1629560285) [ RunTime:0.003605s ]
---------------------------------------------------------------
[ 2021-08-21T23:39:05+08:00 ] 127.0.0.1 POST /message/news
[ info ] 127.0.0.1/message/news [运行时间：0.183917s][吞吐率：5.44req/s] [内存消耗：3,966.28kb] [文件加载：81]
[ info ] [ BEHAVIOR ] Run Closure @app_init [ RunTime:0.000018s ]
[ info ] [ CACHE ] INIT File
[ info ] [ BEHAVIOR ] Run \addons\captcha\Captcha @app_init [ RunTime:0.003446s ]
[ info ] [ BEHAVIOR ] Run Closure @app_init [ RunTime:0.003458s ]
[ info ] [ LANG ] D:\xampp\tongji-master\thinkphp\lang\zh-cn.php
[ info ] [ ROUTE ] array (
  'type' => 'module',
  'module' => 
  array (
    0 => 'admin',
    1 => 'message',
    2 => 'news',
  ),
)
[ info ] [ HEADER ] array (
  'host' => '127.0.0.1',
  'connection' => 'keep-alive',
  'content-length' => '0',
  'pragma' => 'no-cache',
  'cache-control' => 'no-cache',
  'sec-ch-ua' => '"Chromium";v="92", " Not A;Brand";v="99", "Google Chrome";v="92"',
  'accept' => '*/*',
  'x-requested-with' => 'XMLHttpRequest',
  'sec-ch-ua-mobile' => '?0',
  'user-agent' => 'Mozilla/5.0 (Windows NT 10.0; Win64; x64) AppleWebKit/537.36 (KHTML, like Gecko) Chrome/92.0.4515.131 Safari/537.36',
  'origin' => 'http://127.0.0.1',
  'sec-fetch-site' => 'same-origin',
  'sec-fetch-mode' => 'cors',
  'sec-fetch-dest' => 'empty',
  'referer' => 'http://127.0.0.1/declared/declaredsyr?ref=addtabs',
  'accept-encoding' => 'gzip, deflate, br',
  'accept-language' => 'en,zh-CN;q=0.9,zh;q=0.8',
  'cookie' => 'PHPSESSID=cuv13pjb2tp1uauaasfqsp15d2',
)
[ info ] [ PARAM ] array (
)
[ info ] [ LANG ] D:\xampp\tongji-master\public/../application/admin\lang\zh-cn.php
[ info ] [ BEHAVIOR ] Run app\common\behavior\Common @module_init [ RunTime:0.002039s ]
[ info ] [ SESSION ] INIT array (
  'id' => '',
  'var_session_id' => '',
  'prefix' => 'think',
  'type' => '',
  'auto_start' => true,
)
[ info ] [ DB ] INIT mysql
[ info ] [ RUN ] app\admin\controller\Message->news[ D:\xampp\tongji-master\application\admin\controller\Message.php ]
[ info ] [ BEHAVIOR ] Run app\admin\behavior\AdminLog @app_end [ RunTime:0.013442s ]
[ info ] [ LOG ] INIT File
[ sql ] [ DB ] CONNECT:[ UseTime:0.001295s ] mysql:host=localhost;dbname=code;charset=utf8
[ sql ] [ SQL ] SHOW COLUMNS FROM `zc_auth_group_access` [ RunTime:0.076294s ]
[ sql ] [ SQL ] SELECT `aga`.`uid`,`aga`.`group_id`,`ag`.`id`,`ag`.`pid`,`ag`.`name`,`ag`.`rules` FROM `zc_auth_group_access` `aga` LEFT JOIN `zc_auth_group` `ag` ON `aga`.`group_id`=`ag`.`id` WHERE  (  aga.uid='1' and ag.status='normal' ) [ RunTime:0.003269s ]
[ sql ] [ SQL ] SHOW COLUMNS FROM `zc_auth_rule` [ RunTime:0.015500s ]
[ sql ] [ SQL ] SELECT `id`,`pid`,`condition`,`icon`,`name`,`title`,`ismenu` FROM `zc_auth_rule` WHERE  `status` = 'normal' [ RunTime:0.002499s ]
[ sql ] [ SQL ] SELECT content FROM zc_message z where recipient_id=1 and read_flg=0 [ RunTime:0.002492s ]
[ sql ] [ SQL ] SHOW COLUMNS FROM `zc_admin_log` [ RunTime:0.008215s ]
[ sql ] [ SQL ] INSERT INTO `zc_admin_log` (`title` , `content` , `url` , `admin_id` , `username` , `useragent` , `ip` , `createtime`) VALUES ('' , '[]' , '/message/news' , 1 , 'admin' , 'Mozilla/5.0 (Windows NT 10.0; Win64; x64) AppleWebKit/537.36 (KHTML, like Gecko) Chrome/92.0.4515.131 Safari/537.36' , '127.0.0.1' , 1629560345) [ RunTime:0.002663s ]
---------------------------------------------------------------
[ 2021-08-21T23:40:05+08:00 ] 127.0.0.1 POST /message/news
[ info ] 127.0.0.1/message/news [运行时间：0.224991s][吞吐率：4.44req/s] [内存消耗：3,966.28kb] [文件加载：81]
[ info ] [ BEHAVIOR ] Run Closure @app_init [ RunTime:0.000015s ]
[ info ] [ CACHE ] INIT File
[ info ] [ BEHAVIOR ] Run \addons\captcha\Captcha @app_init [ RunTime:0.003567s ]
[ info ] [ BEHAVIOR ] Run Closure @app_init [ RunTime:0.003578s ]
[ info ] [ LANG ] D:\xampp\tongji-master\thinkphp\lang\zh-cn.php
[ info ] [ ROUTE ] array (
  'type' => 'module',
  'module' => 
  array (
    0 => 'admin',
    1 => 'message',
    2 => 'news',
  ),
)
[ info ] [ HEADER ] array (
  'host' => '127.0.0.1',
  'connection' => 'keep-alive',
  'content-length' => '0',
  'pragma' => 'no-cache',
  'cache-control' => 'no-cache',
  'sec-ch-ua' => '"Chromium";v="92", " Not A;Brand";v="99", "Google Chrome";v="92"',
  'accept' => '*/*',
  'x-requested-with' => 'XMLHttpRequest',
  'sec-ch-ua-mobile' => '?0',
  'user-agent' => 'Mozilla/5.0 (Windows NT 10.0; Win64; x64) AppleWebKit/537.36 (KHTML, like Gecko) Chrome/92.0.4515.131 Safari/537.36',
  'origin' => 'http://127.0.0.1',
  'sec-fetch-site' => 'same-origin',
  'sec-fetch-mode' => 'cors',
  'sec-fetch-dest' => 'empty',
  'referer' => 'http://127.0.0.1/declared/declaredsyr?ref=addtabs',
  'accept-encoding' => 'gzip, deflate, br',
  'accept-language' => 'en,zh-CN;q=0.9,zh;q=0.8',
  'cookie' => 'PHPSESSID=cuv13pjb2tp1uauaasfqsp15d2',
)
[ info ] [ PARAM ] array (
)
[ info ] [ LANG ] D:\xampp\tongji-master\public/../application/admin\lang\zh-cn.php
[ info ] [ BEHAVIOR ] Run app\common\behavior\Common @module_init [ RunTime:0.002645s ]
[ info ] [ SESSION ] INIT array (
  'id' => '',
  'var_session_id' => '',
  'prefix' => 'think',
  'type' => '',
  'auto_start' => true,
)
[ info ] [ DB ] INIT mysql
[ info ] [ RUN ] app\admin\controller\Message->news[ D:\xampp\tongji-master\application\admin\controller\Message.php ]
[ info ] [ BEHAVIOR ] Run app\admin\behavior\AdminLog @app_end [ RunTime:0.020489s ]
[ info ] [ LOG ] INIT File
[ sql ] [ DB ] CONNECT:[ UseTime:0.015369s ] mysql:host=localhost;dbname=code;charset=utf8
[ sql ] [ SQL ] SHOW COLUMNS FROM `zc_auth_group_access` [ RunTime:0.076008s ]
[ sql ] [ SQL ] SELECT `aga`.`uid`,`aga`.`group_id`,`ag`.`id`,`ag`.`pid`,`ag`.`name`,`ag`.`rules` FROM `zc_auth_group_access` `aga` LEFT JOIN `zc_auth_group` `ag` ON `aga`.`group_id`=`ag`.`id` WHERE  (  aga.uid='1' and ag.status='normal' ) [ RunTime:0.002234s ]
[ sql ] [ SQL ] SHOW COLUMNS FROM `zc_auth_rule` [ RunTime:0.019630s ]
[ sql ] [ SQL ] SELECT `id`,`pid`,`condition`,`icon`,`name`,`title`,`ismenu` FROM `zc_auth_rule` WHERE  `status` = 'normal' [ RunTime:0.004414s ]
[ sql ] [ SQL ] SELECT content FROM zc_message z where recipient_id=1 and read_flg=0 [ RunTime:0.005147s ]
[ sql ] [ SQL ] SHOW COLUMNS FROM `zc_admin_log` [ RunTime:0.011084s ]
[ sql ] [ SQL ] INSERT INTO `zc_admin_log` (`title` , `content` , `url` , `admin_id` , `username` , `useragent` , `ip` , `createtime`) VALUES ('' , '[]' , '/message/news' , 1 , 'admin' , 'Mozilla/5.0 (Windows NT 10.0; Win64; x64) AppleWebKit/537.36 (KHTML, like Gecko) Chrome/92.0.4515.131 Safari/537.36' , '127.0.0.1' , 1629560405) [ RunTime:0.004004s ]
---------------------------------------------------------------
[ 2021-08-21T23:41:05+08:00 ] 127.0.0.1 POST /message/news
[ info ] 127.0.0.1/message/news [运行时间：0.247671s][吞吐率：4.04req/s] [内存消耗：3,966.28kb] [文件加载：81]
[ info ] [ BEHAVIOR ] Run Closure @app_init [ RunTime:0.000015s ]
[ info ] [ CACHE ] INIT File
[ info ] [ BEHAVIOR ] Run \addons\captcha\Captcha @app_init [ RunTime:0.003811s ]
[ info ] [ BEHAVIOR ] Run Closure @app_init [ RunTime:0.003823s ]
[ info ] [ LANG ] D:\xampp\tongji-master\thinkphp\lang\zh-cn.php
[ info ] [ ROUTE ] array (
  'type' => 'module',
  'module' => 
  array (
    0 => 'admin',
    1 => 'message',
    2 => 'news',
  ),
)
[ info ] [ HEADER ] array (
  'host' => '127.0.0.1',
  'connection' => 'keep-alive',
  'content-length' => '0',
  'pragma' => 'no-cache',
  'cache-control' => 'no-cache',
  'sec-ch-ua' => '"Chromium";v="92", " Not A;Brand";v="99", "Google Chrome";v="92"',
  'accept' => '*/*',
  'x-requested-with' => 'XMLHttpRequest',
  'sec-ch-ua-mobile' => '?0',
  'user-agent' => 'Mozilla/5.0 (Windows NT 10.0; Win64; x64) AppleWebKit/537.36 (KHTML, like Gecko) Chrome/92.0.4515.131 Safari/537.36',
  'origin' => 'http://127.0.0.1',
  'sec-fetch-site' => 'same-origin',
  'sec-fetch-mode' => 'cors',
  'sec-fetch-dest' => 'empty',
  'referer' => 'http://127.0.0.1/declared/declaredsyr?ref=addtabs',
  'accept-encoding' => 'gzip, deflate, br',
  'accept-language' => 'en,zh-CN;q=0.9,zh;q=0.8',
  'cookie' => 'PHPSESSID=cuv13pjb2tp1uauaasfqsp15d2',
)
[ info ] [ PARAM ] array (
)
[ info ] [ LANG ] D:\xampp\tongji-master\public/../application/admin\lang\zh-cn.php
[ info ] [ BEHAVIOR ] Run app\common\behavior\Common @module_init [ RunTime:0.002286s ]
[ info ] [ SESSION ] INIT array (
  'id' => '',
  'var_session_id' => '',
  'prefix' => 'think',
  'type' => '',
  'auto_start' => true,
)
[ info ] [ DB ] INIT mysql
[ info ] [ RUN ] app\admin\controller\Message->news[ D:\xampp\tongji-master\application\admin\controller\Message.php ]
[ info ] [ BEHAVIOR ] Run app\admin\behavior\AdminLog @app_end [ RunTime:0.019583s ]
[ info ] [ LOG ] INIT File
[ sql ] [ DB ] CONNECT:[ UseTime:0.020630s ] mysql:host=localhost;dbname=code;charset=utf8
[ sql ] [ SQL ] SHOW COLUMNS FROM `zc_auth_group_access` [ RunTime:0.075649s ]
[ sql ] [ SQL ] SELECT `aga`.`uid`,`aga`.`group_id`,`ag`.`id`,`ag`.`pid`,`ag`.`name`,`ag`.`rules` FROM `zc_auth_group_access` `aga` LEFT JOIN `zc_auth_group` `ag` ON `aga`.`group_id`=`ag`.`id` WHERE  (  aga.uid='1' and ag.status='normal' ) [ RunTime:0.002187s ]
[ sql ] [ SQL ] SHOW COLUMNS FROM `zc_auth_rule` [ RunTime:0.020560s ]
[ sql ] [ SQL ] SELECT `id`,`pid`,`condition`,`icon`,`name`,`title`,`ismenu` FROM `zc_auth_rule` WHERE  `status` = 'normal' [ RunTime:0.004378s ]
[ sql ] [ SQL ] SELECT content FROM zc_message z where recipient_id=1 and read_flg=0 [ RunTime:0.003026s ]
[ sql ] [ SQL ] SHOW COLUMNS FROM `zc_admin_log` [ RunTime:0.011991s ]
[ sql ] [ SQL ] INSERT INTO `zc_admin_log` (`title` , `content` , `url` , `admin_id` , `username` , `useragent` , `ip` , `createtime`) VALUES ('' , '[]' , '/message/news' , 1 , 'admin' , 'Mozilla/5.0 (Windows NT 10.0; Win64; x64) AppleWebKit/537.36 (KHTML, like Gecko) Chrome/92.0.4515.131 Safari/537.36' , '127.0.0.1' , 1629560465) [ RunTime:0.004179s ]
---------------------------------------------------------------
[ 2021-08-21T23:42:05+08:00 ] 127.0.0.1 POST /message/news
[ info ] 127.0.0.1/message/news [运行时间：0.236193s][吞吐率：4.23req/s] [内存消耗：3,966.28kb] [文件加载：81]
[ info ] [ BEHAVIOR ] Run Closure @app_init [ RunTime:0.000017s ]
[ info ] [ CACHE ] INIT File
[ info ] [ BEHAVIOR ] Run \addons\captcha\Captcha @app_init [ RunTime:0.003637s ]
[ info ] [ BEHAVIOR ] Run Closure @app_init [ RunTime:0.003648s ]
[ info ] [ LANG ] D:\xampp\tongji-master\thinkphp\lang\zh-cn.php
[ info ] [ ROUTE ] array (
  'type' => 'module',
  'module' => 
  array (
    0 => 'admin',
    1 => 'message',
    2 => 'news',
  ),
)
[ info ] [ HEADER ] array (
  'host' => '127.0.0.1',
  'connection' => 'keep-alive',
  'content-length' => '0',
  'pragma' => 'no-cache',
  'cache-control' => 'no-cache',
  'sec-ch-ua' => '"Chromium";v="92", " Not A;Brand";v="99", "Google Chrome";v="92"',
  'accept' => '*/*',
  'x-requested-with' => 'XMLHttpRequest',
  'sec-ch-ua-mobile' => '?0',
  'user-agent' => 'Mozilla/5.0 (Windows NT 10.0; Win64; x64) AppleWebKit/537.36 (KHTML, like Gecko) Chrome/92.0.4515.131 Safari/537.36',
  'origin' => 'http://127.0.0.1',
  'sec-fetch-site' => 'same-origin',
  'sec-fetch-mode' => 'cors',
  'sec-fetch-dest' => 'empty',
  'referer' => 'http://127.0.0.1/declared/declaredsyr?ref=addtabs',
  'accept-encoding' => 'gzip, deflate, br',
  'accept-language' => 'en,zh-CN;q=0.9,zh;q=0.8',
  'cookie' => 'PHPSESSID=cuv13pjb2tp1uauaasfqsp15d2',
)
[ info ] [ PARAM ] array (
)
[ info ] [ LANG ] D:\xampp\tongji-master\public/../application/admin\lang\zh-cn.php
[ info ] [ BEHAVIOR ] Run app\common\behavior\Common @module_init [ RunTime:0.001931s ]
[ info ] [ SESSION ] INIT array (
  'id' => '',
  'var_session_id' => '',
  'prefix' => 'think',
  'type' => '',
  'auto_start' => true,
)
[ info ] [ DB ] INIT mysql
[ info ] [ RUN ] app\admin\controller\Message->news[ D:\xampp\tongji-master\application\admin\controller\Message.php ]
[ info ] [ BEHAVIOR ] Run app\admin\behavior\AdminLog @app_end [ RunTime:0.022925s ]
[ info ] [ LOG ] INIT File
[ sql ] [ DB ] CONNECT:[ UseTime:0.012540s ] mysql:host=localhost;dbname=code;charset=utf8
[ sql ] [ SQL ] SHOW COLUMNS FROM `zc_auth_group_access` [ RunTime:0.075738s ]
[ sql ] [ SQL ] SELECT `aga`.`uid`,`aga`.`group_id`,`ag`.`id`,`ag`.`pid`,`ag`.`name`,`ag`.`rules` FROM `zc_auth_group_access` `aga` LEFT JOIN `zc_auth_group` `ag` ON `aga`.`group_id`=`ag`.`id` WHERE  (  aga.uid='1' and ag.status='normal' ) [ RunTime:0.002461s ]
[ sql ] [ SQL ] SHOW COLUMNS FROM `zc_auth_rule` [ RunTime:0.019385s ]
[ sql ] [ SQL ] SELECT `id`,`pid`,`condition`,`icon`,`name`,`title`,`ismenu` FROM `zc_auth_rule` WHERE  `status` = 'normal' [ RunTime:0.004414s ]
[ sql ] [ SQL ] SELECT content FROM zc_message z where recipient_id=1 and read_flg=0 [ RunTime:0.005412s ]
[ sql ] [ SQL ] SHOW COLUMNS FROM `zc_admin_log` [ RunTime:0.014034s ]
[ sql ] [ SQL ] INSERT INTO `zc_admin_log` (`title` , `content` , `url` , `admin_id` , `username` , `useragent` , `ip` , `createtime`) VALUES ('' , '[]' , '/message/news' , 1 , 'admin' , 'Mozilla/5.0 (Windows NT 10.0; Win64; x64) AppleWebKit/537.36 (KHTML, like Gecko) Chrome/92.0.4515.131 Safari/537.36' , '127.0.0.1' , 1629560525) [ RunTime:0.004222s ]
---------------------------------------------------------------
[ 2021-08-21T23:43:05+08:00 ] 127.0.0.1 POST /message/news
[ info ] 127.0.0.1/message/news [运行时间：0.230059s][吞吐率：4.35req/s] [内存消耗：3,966.28kb] [文件加载：81]
[ info ] [ BEHAVIOR ] Run Closure @app_init [ RunTime:0.000016s ]
[ info ] [ CACHE ] INIT File
[ info ] [ BEHAVIOR ] Run \addons\captcha\Captcha @app_init [ RunTime:0.004309s ]
[ info ] [ BEHAVIOR ] Run Closure @app_init [ RunTime:0.004324s ]
[ info ] [ LANG ] D:\xampp\tongji-master\thinkphp\lang\zh-cn.php
[ info ] [ ROUTE ] array (
  'type' => 'module',
  'module' => 
  array (
    0 => 'admin',
    1 => 'message',
    2 => 'news',
  ),
)
[ info ] [ HEADER ] array (
  'host' => '127.0.0.1',
  'connection' => 'keep-alive',
  'content-length' => '0',
  'pragma' => 'no-cache',
  'cache-control' => 'no-cache',
  'sec-ch-ua' => '"Chromium";v="92", " Not A;Brand";v="99", "Google Chrome";v="92"',
  'accept' => '*/*',
  'x-requested-with' => 'XMLHttpRequest',
  'sec-ch-ua-mobile' => '?0',
  'user-agent' => 'Mozilla/5.0 (Windows NT 10.0; Win64; x64) AppleWebKit/537.36 (KHTML, like Gecko) Chrome/92.0.4515.131 Safari/537.36',
  'origin' => 'http://127.0.0.1',
  'sec-fetch-site' => 'same-origin',
  'sec-fetch-mode' => 'cors',
  'sec-fetch-dest' => 'empty',
  'referer' => 'http://127.0.0.1/declared/declaredsyr?ref=addtabs',
  'accept-encoding' => 'gzip, deflate, br',
  'accept-language' => 'en,zh-CN;q=0.9,zh;q=0.8',
  'cookie' => 'PHPSESSID=cuv13pjb2tp1uauaasfqsp15d2',
)
[ info ] [ PARAM ] array (
)
[ info ] [ LANG ] D:\xampp\tongji-master\public/../application/admin\lang\zh-cn.php
[ info ] [ BEHAVIOR ] Run app\common\behavior\Common @module_init [ RunTime:0.002335s ]
[ info ] [ SESSION ] INIT array (
  'id' => '',
  'var_session_id' => '',
  'prefix' => 'think',
  'type' => '',
  'auto_start' => true,
)
[ info ] [ DB ] INIT mysql
[ info ] [ RUN ] app\admin\controller\Message->news[ D:\xampp\tongji-master\application\admin\controller\Message.php ]
[ info ] [ BEHAVIOR ] Run app\admin\behavior\AdminLog @app_end [ RunTime:0.027871s ]
[ info ] [ LOG ] INIT File
[ sql ] [ DB ] CONNECT:[ UseTime:0.015905s ] mysql:host=localhost;dbname=code;charset=utf8
[ sql ] [ SQL ] SHOW COLUMNS FROM `zc_auth_group_access` [ RunTime:0.072417s ]
[ sql ] [ SQL ] SELECT `aga`.`uid`,`aga`.`group_id`,`ag`.`id`,`ag`.`pid`,`ag`.`name`,`ag`.`rules` FROM `zc_auth_group_access` `aga` LEFT JOIN `zc_auth_group` `ag` ON `aga`.`group_id`=`ag`.`id` WHERE  (  aga.uid='1' and ag.status='normal' ) [ RunTime:0.001993s ]
[ sql ] [ SQL ] SHOW COLUMNS FROM `zc_auth_rule` [ RunTime:0.015061s ]
[ sql ] [ SQL ] SELECT `id`,`pid`,`condition`,`icon`,`name`,`title`,`ismenu` FROM `zc_auth_rule` WHERE  `status` = 'normal' [ RunTime:0.003521s ]
[ sql ] [ SQL ] SELECT content FROM zc_message z where recipient_id=1 and read_flg=0 [ RunTime:0.003847s ]
[ sql ] [ SQL ] SHOW COLUMNS FROM `zc_admin_log` [ RunTime:0.018158s ]
[ sql ] [ SQL ] INSERT INTO `zc_admin_log` (`title` , `content` , `url` , `admin_id` , `username` , `useragent` , `ip` , `createtime`) VALUES ('' , '[]' , '/message/news' , 1 , 'admin' , 'Mozilla/5.0 (Windows NT 10.0; Win64; x64) AppleWebKit/537.36 (KHTML, like Gecko) Chrome/92.0.4515.131 Safari/537.36' , '127.0.0.1' , 1629560585) [ RunTime:0.005109s ]
---------------------------------------------------------------
[ 2021-08-21T23:44:05+08:00 ] 127.0.0.1 POST /message/news
[ info ] 127.0.0.1/message/news [运行时间：0.137695s][吞吐率：7.26req/s] [内存消耗：3,966.28kb] [文件加载：81]
[ info ] [ BEHAVIOR ] Run Closure @app_init [ RunTime:0.000016s ]
[ info ] [ CACHE ] INIT File
[ info ] [ BEHAVIOR ] Run \addons\captcha\Captcha @app_init [ RunTime:0.003839s ]
[ info ] [ BEHAVIOR ] Run Closure @app_init [ RunTime:0.003852s ]
[ info ] [ LANG ] D:\xampp\tongji-master\thinkphp\lang\zh-cn.php
[ info ] [ ROUTE ] array (
  'type' => 'module',
  'module' => 
  array (
    0 => 'admin',
    1 => 'message',
    2 => 'news',
  ),
)
[ info ] [ HEADER ] array (
  'host' => '127.0.0.1',
  'connection' => 'keep-alive',
  'content-length' => '0',
  'pragma' => 'no-cache',
  'cache-control' => 'no-cache',
  'sec-ch-ua' => '"Chromium";v="92", " Not A;Brand";v="99", "Google Chrome";v="92"',
  'accept' => '*/*',
  'x-requested-with' => 'XMLHttpRequest',
  'sec-ch-ua-mobile' => '?0',
  'user-agent' => 'Mozilla/5.0 (Windows NT 10.0; Win64; x64) AppleWebKit/537.36 (KHTML, like Gecko) Chrome/92.0.4515.131 Safari/537.36',
  'origin' => 'http://127.0.0.1',
  'sec-fetch-site' => 'same-origin',
  'sec-fetch-mode' => 'cors',
  'sec-fetch-dest' => 'empty',
  'referer' => 'http://127.0.0.1/declared/declaredsyr?ref=addtabs',
  'accept-encoding' => 'gzip, deflate, br',
  'accept-language' => 'en,zh-CN;q=0.9,zh;q=0.8',
  'cookie' => 'PHPSESSID=cuv13pjb2tp1uauaasfqsp15d2',
)
[ info ] [ PARAM ] array (
)
[ info ] [ LANG ] D:\xampp\tongji-master\public/../application/admin\lang\zh-cn.php
[ info ] [ BEHAVIOR ] Run app\common\behavior\Common @module_init [ RunTime:0.002304s ]
[ info ] [ SESSION ] INIT array (
  'id' => '',
  'var_session_id' => '',
  'prefix' => 'think',
  'type' => '',
  'auto_start' => true,
)
[ info ] [ DB ] INIT mysql
[ info ] [ RUN ] app\admin\controller\Message->news[ D:\xampp\tongji-master\application\admin\controller\Message.php ]
[ info ] [ BEHAVIOR ] Run app\admin\behavior\AdminLog @app_end [ RunTime:0.014771s ]
[ info ] [ LOG ] INIT File
[ sql ] [ DB ] CONNECT:[ UseTime:0.001147s ] mysql:host=localhost;dbname=code;charset=utf8
[ sql ] [ SQL ] SHOW COLUMNS FROM `zc_auth_group_access` [ RunTime:0.008994s ]
[ sql ] [ SQL ] SELECT `aga`.`uid`,`aga`.`group_id`,`ag`.`id`,`ag`.`pid`,`ag`.`name`,`ag`.`rules` FROM `zc_auth_group_access` `aga` LEFT JOIN `zc_auth_group` `ag` ON `aga`.`group_id`=`ag`.`id` WHERE  (  aga.uid='1' and ag.status='normal' ) [ RunTime:0.000674s ]
[ sql ] [ SQL ] SHOW COLUMNS FROM `zc_auth_rule` [ RunTime:0.007295s ]
[ sql ] [ SQL ] SELECT `id`,`pid`,`condition`,`icon`,`name`,`title`,`ismenu` FROM `zc_auth_rule` WHERE  `status` = 'normal' [ RunTime:0.002772s ]
[ sql ] [ SQL ] SELECT content FROM zc_message z where recipient_id=1 and read_flg=0 [ RunTime:0.003118s ]
[ sql ] [ SQL ] SHOW COLUMNS FROM `zc_admin_log` [ RunTime:0.008769s ]
[ sql ] [ SQL ] INSERT INTO `zc_admin_log` (`title` , `content` , `url` , `admin_id` , `username` , `useragent` , `ip` , `createtime`) VALUES ('' , '[]' , '/message/news' , 1 , 'admin' , 'Mozilla/5.0 (Windows NT 10.0; Win64; x64) AppleWebKit/537.36 (KHTML, like Gecko) Chrome/92.0.4515.131 Safari/537.36' , '127.0.0.1' , 1629560645) [ RunTime:0.002777s ]
